#
# There is insufficient memory for the Java Runtime Environment to continue.
# Native memory allocation (malloc) failed to allocate 32784 bytes for Chunk::new
# Possible reasons:
#   The system is out of physical RAM or swap space
#   In 32 bit mode, the process size limit was hit
# Possible solutions:
#   Reduce memory load on the system
#   Increase physical memory or swap space
#   Check if swap backing store is full
#   Use 64 bit Java on a 64 bit OS
#   Decrease Java heap size (-Xmx/-Xms)
#   Decrease number of Java threads
#   Decrease Java thread stack sizes (-Xss)
#   Set larger code cache with -XX:ReservedCodeCacheSize=
# This output file may be truncated or incomplete.
#
#  Out of Memory Error (allocation.cpp:390), pid=22016, tid=0x0000000000002b74
#
# JRE version: Java(TM) SE Runtime Environment (8.0_171-b11) (build 1.8.0_171-b11)
# Java VM: Java HotSpot(TM) 64-Bit Server VM (25.171-b11 mixed mode windows-amd64 compressed oops)
# Failed to write core dump. Minidumps are not enabled by default on client versions of Windows
#

---------------  T H R E A D  ---------------

Current thread (0x000000001bb3c800):  JavaThread "C2 CompilerThread1" daemon [_thread_in_native, id=11124, stack(0x000000001c2b0000,0x000000001c3b0000)]

Stack: [0x000000001c2b0000,0x000000001c3b0000]
[error occurred during error reporting (printing stack bounds), id 0xc0000005]

Native frames: (J=compiled Java code, j=interpreted, Vv=VM code, C=native code)


Current CompileTask:
C2:   7705 1022   !   4       io.netty.channel.nio.NioEventLoop::processSelectedKey (142 bytes)


---------------  P R O C E S S  ---------------

Java Threads: ( => current thread )
  0x000000001c916000 JavaThread "nioEventLoopGroup-3-3" [_thread_in_vm, id=10816, stack(0x000000001d2b0000,0x000000001d3b0000)]
  0x000000001c915800 JavaThread "nioEventLoopGroup-3-2" [_thread_in_native, id=12552, stack(0x000000001d1b0000,0x000000001d2b0000)]
  0x000000001c915000 JavaThread "nioEventLoopGroup-3-1" [_thread_in_native, id=2520, stack(0x000000001d0b0000,0x000000001d1b0000)]
  0x000000001c90d000 JavaThread "nioEventLoopGroup-2-1" [_thread_in_native, id=24640, stack(0x000000001cfb0000,0x000000001d0b0000)]
  0x000000001c8ff800 JavaThread "ObjectCleanerThread" daemon [_thread_blocked, id=19820, stack(0x000000001ceb0000,0x000000001cfb0000)]
  0x000000001bbbf800 JavaThread "Service Thread" daemon [_thread_blocked, id=11588, stack(0x000000001c4b0000,0x000000001c5b0000)]
  0x000000001bb97800 JavaThread "C1 CompilerThread2" daemon [_thread_blocked, id=2620, stack(0x000000001c3b0000,0x000000001c4b0000)]
=>0x000000001bb3c800 JavaThread "C2 CompilerThread1" daemon [_thread_in_native, id=11124, stack(0x000000001c2b0000,0x000000001c3b0000)]
  0x000000001bb39800 JavaThread "C2 CompilerThread0" daemon [_thread_in_native, id=12280, stack(0x000000001c1b0000,0x000000001c2b0000)]
  0x000000001bb3f800 JavaThread "Monitor Ctrl-Break" daemon [_thread_in_native, id=4528, stack(0x000000001c0b0000,0x000000001c1b0000)]
  0x000000001a76f800 JavaThread "Attach Listener" daemon [_thread_blocked, id=23836, stack(0x000000001bfb0000,0x000000001c0b0000)]
  0x000000001bac0800 JavaThread "Signal Dispatcher" daemon [_thread_blocked, id=22460, stack(0x000000001beb0000,0x000000001bfb0000)]
  0x000000001a74e000 JavaThread "Finalizer" daemon [_thread_blocked, id=24648, stack(0x000000001b9b0000,0x000000001bab0000)]
  0x00000000036d3000 JavaThread "Reference Handler" daemon [_thread_blocked, id=5616, stack(0x000000001b8b0000,0x000000001b9b0000)]
  0x00000000035e3800 JavaThread "main" [_thread_blocked, id=18268, stack(0x00000000032a0000,0x00000000033a0000)]

Other Threads:
  0x000000001a727800 VMThread [stack: 0x000000001b7b0000,0x000000001b8b0000] [id=25016]
  0x000000001bc02000 WatcherThread [stack: 0x000000001c5b0000,0x000000001c6b0000] [id=24736]

VM state:not at safepoint (normal execution)

VM Mutex/Monitor currently owned by a thread: None

Heap:
 PSYoungGen      total 57344K, used 43131K [0x0000000780980000, 0x0000000784980000, 0x00000007c0000000)
  eden space 49152K, 73% used [0x0000000780980000,0x0000000782cc3698,0x0000000783980000)
  from space 8192K, 85% used [0x0000000783980000,0x000000078405b8e8,0x0000000784180000)
  to   space 8192K, 0% used [0x0000000784180000,0x0000000784180000,0x0000000784980000)
 ParOldGen       total 131072K, used 16K [0x0000000701c00000, 0x0000000709c00000, 0x0000000780980000)
  object space 131072K, 0% used [0x0000000701c00000,0x0000000701c04000,0x0000000709c00000)
 Metaspace       used 9260K, capacity 9410K, committed 9728K, reserved 1058816K
  class space    used 1120K, capacity 1177K, committed 1280K, reserved 1048576K

Card table byte_map: [0x0000000012aa0000,0x00000000130a0000] byte_map_base: 0x000000000f292000

Marking Bits: (ParMarkBitMap*) 0x0000000062ac08c0
 Begin Bits: [0x00000000138a0000, 0x0000000016830000)
 End Bits:   [0x0000000016830000, 0x00000000197c0000)

Polling page: 0x0000000002e90000

CodeCache: size=245760Kb used=3558Kb max_used=3569Kb free=242201Kb
 bounds [0x00000000036e0000, 0x0000000003a60000, 0x00000000126e0000]
 total_blobs=1351 nmethods=1020 adapters=244
 compilation: enabled

Compilation events (10 events):
Event: 6.738 Thread 0x000000001bb97800 1017       3       io.netty.buffer.PoolThreadCache$MemoryRegionCache::free (42 bytes)
Event: 6.738 Thread 0x000000001bb97800 nmethod 1017 0x0000000003a53f10 code [0x0000000003a540e0, 0x0000000003a547c8]
Event: 7.574 Thread 0x000000001bb97800 1018 % !   3       io.netty.channel.nio.NioEventLoop::run @ 0 (221 bytes)
Event: 7.576 Thread 0x000000001bb97800 nmethod 1018% 0x0000000003a56750 code [0x0000000003a56b40, 0x0000000003a58dd8]
Event: 7.649 Thread 0x000000001bb97800 1019   !   3       io.netty.channel.nio.NioEventLoop::run (221 bytes)
Event: 7.650 Thread 0x000000001bb97800 nmethod 1019 0x0000000003a5a250 code [0x0000000003a5a640, 0x0000000003a5c7d8]
Event: 7.673 Thread 0x000000001bb39800 1020       4       io.netty.channel.nio.NioEventLoop::processSelectedKeysOptimized (99 bytes)
Event: 7.684 Thread 0x000000001bb3c800 1021       4       io.netty.channel.DefaultChannelPipeline::fireChannelReadComplete (9 bytes)
Event: 7.686 Thread 0x000000001bb3c800 nmethod 1021 0x0000000003a52150 code [0x0000000003a522c0, 0x0000000003a52548]
Event: 7.692 Thread 0x000000001bb3c800 1022   !   4       io.netty.channel.nio.NioEventLoop::processSelectedKey (142 bytes)

GC Heap History (2 events):
Event: 4.870 GC heap before
{Heap before GC invocations=1 (full 0):
 PSYoungGen      total 57344K, used 49152K [0x0000000780980000, 0x0000000784980000, 0x00000007c0000000)
  eden space 49152K, 100% used [0x0000000780980000,0x0000000783980000,0x0000000783980000)
  from space 8192K, 0% used [0x0000000784180000,0x0000000784180000,0x0000000784980000)
  to   space 8192K, 0% used [0x0000000783980000,0x0000000783980000,0x0000000784180000)
 ParOldGen       total 131072K, used 0K [0x0000000701c00000, 0x0000000709c00000, 0x0000000780980000)
  object space 131072K, 0% used [0x0000000701c00000,0x0000000701c00000,0x0000000709c00000)
 Metaspace       used 9245K, capacity 9410K, committed 9728K, reserved 1058816K
  class space    used 1120K, capacity 1177K, committed 1280K, reserved 1048576K
Event: 4.875 GC heap after
Heap after GC invocations=1 (full 0):
 PSYoungGen      total 57344K, used 7022K [0x0000000780980000, 0x0000000784980000, 0x00000007c0000000)
  eden space 49152K, 0% used [0x0000000780980000,0x0000000780980000,0x0000000783980000)
  from space 8192K, 85% used [0x0000000783980000,0x000000078405b8e8,0x0000000784180000)
  to   space 8192K, 0% used [0x0000000784180000,0x0000000784180000,0x0000000784980000)
 ParOldGen       total 131072K, used 16K [0x0000000701c00000, 0x0000000709c00000, 0x0000000780980000)
  object space 131072K, 0% used [0x0000000701c00000,0x0000000701c04000,0x0000000709c00000)
 Metaspace       used 9245K, capacity 9410K, committed 9728K, reserved 1058816K
  class space    used 1120K, capacity 1177K, committed 1280K, reserved 1048576K
}

Deoptimization events (10 events):
Event: 3.295 Thread 0x000000001c916000 Uncommon trap: reason=unstable_if action=reinterpret pc=0x00000000038b0c50 method=java.lang.AbstractStringBuilder.append(Ljava/lang/String;)Ljava/lang/AbstractStringBuilder; @ 1
Event: 3.710 Thread 0x000000001c916000 Uncommon trap: reason=predicate action=maybe_recompile pc=0x0000000003a24840 method=java.util.Arrays.fill([Ljava/lang/Object;IILjava/lang/Object;)V @ 16
Event: 3.721 Thread 0x000000001c916000 Uncommon trap: reason=array_check action=maybe_recompile pc=0x0000000003a2787c method=java.util.Arrays.fill([Ljava/lang/Object;IILjava/lang/Object;)V @ 20
Event: 3.721 Thread 0x000000001c916000 Uncommon trap: reason=array_check action=maybe_recompile pc=0x0000000003a2787c method=java.util.Arrays.fill([Ljava/lang/Object;IILjava/lang/Object;)V @ 20
Event: 3.721 Thread 0x000000001c916000 Uncommon trap: reason=array_check action=maybe_recompile pc=0x0000000003a2787c method=java.util.Arrays.fill([Ljava/lang/Object;IILjava/lang/Object;)V @ 20
Event: 3.721 Thread 0x000000001c916000 Uncommon trap: reason=array_check action=maybe_recompile pc=0x0000000003a2787c method=java.util.Arrays.fill([Ljava/lang/Object;IILjava/lang/Object;)V @ 20
Event: 3.902 Thread 0x000000001c916000 Uncommon trap: reason=unstable_if action=reinterpret pc=0x0000000003a29398 method=io.netty.buffer.PoolThreadCache.allocate(Lio/netty/buffer/PoolThreadCache$MemoryRegionCache;Lio/netty/buffer/PooledByteBuf;I)Z @ 29
Event: 5.259 Thread 0x000000001c90d000 Uncommon trap: reason=unstable_if action=reinterpret pc=0x0000000003a31b58 method=io.netty.channel.nio.NioEventLoop.select(Z)V @ 101
Event: 5.279 Thread 0x000000001c915000 Uncommon trap: reason=unstable_if action=reinterpret pc=0x0000000003a31b58 method=io.netty.channel.nio.NioEventLoop.select(Z)V @ 101
Event: 5.281 Thread 0x000000001c915800 Uncommon trap: reason=unstable_if action=reinterpret pc=0x0000000003a31b58 method=io.netty.channel.nio.NioEventLoop.select(Z)V @ 101

Classes redefined (0 events):
No events

Internal exceptions (10 events):
Event: 7.702 Thread 0x000000001c916000 Exception <a 'java/lang/OutOfMemoryError'> (0x0000000782c7d498) thrown at [C:\re\workspace\8-2-build-windows-amd64-cygwin\jdk8u171\10807\hotspot\src\share\vm\prims\unsafe.cpp, line 634]
Event: 7.702 Thread 0x000000001c916000 Exception <a 'java/lang/OutOfMemoryError'> (0x0000000782c7d498) thrown at [C:\re\workspace\8-2-build-windows-amd64-cygwin\jdk8u171\10807\hotspot\src\share\vm\prims\jni.cpp, line 709]
Event: 7.702 Thread 0x000000001c916000 Exception <a 'java/lang/OutOfMemoryError'> (0x0000000782c7d830) thrown at [C:\re\workspace\8-2-build-windows-amd64-cygwin\jdk8u171\10807\hotspot\src\share\vm\prims\unsafe.cpp, line 634]
Event: 7.702 Thread 0x000000001c916000 Exception <a 'java/lang/OutOfMemoryError'> (0x0000000782c7d830) thrown at [C:\re\workspace\8-2-build-windows-amd64-cygwin\jdk8u171\10807\hotspot\src\share\vm\prims\jni.cpp, line 709]
Event: 7.702 Thread 0x000000001c916000 Exception <a 'java/lang/OutOfMemoryError'> (0x0000000782c7dbc8) thrown at [C:\re\workspace\8-2-build-windows-amd64-cygwin\jdk8u171\10807\hotspot\src\share\vm\prims\unsafe.cpp, line 634]
Event: 7.702 Thread 0x000000001c916000 Exception <a 'java/lang/OutOfMemoryError'> (0x0000000782c7dbc8) thrown at [C:\re\workspace\8-2-build-windows-amd64-cygwin\jdk8u171\10807\hotspot\src\share\vm\prims\jni.cpp, line 709]
Event: 7.702 Thread 0x000000001c916000 Exception <a 'java/lang/OutOfMemoryError'> (0x0000000782c7df60) thrown at [C:\re\workspace\8-2-build-windows-amd64-cygwin\jdk8u171\10807\hotspot\src\share\vm\prims\unsafe.cpp, line 634]
Event: 7.702 Thread 0x000000001c916000 Exception <a 'java/lang/OutOfMemoryError'> (0x0000000782c7df60) thrown at [C:\re\workspace\8-2-build-windows-amd64-cygwin\jdk8u171\10807\hotspot\src\share\vm\prims\jni.cpp, line 709]
Event: 7.702 Thread 0x000000001c916000 Exception <a 'java/lang/OutOfMemoryError'> (0x0000000782c7e2f8) thrown at [C:\re\workspace\8-2-build-windows-amd64-cygwin\jdk8u171\10807\hotspot\src\share\vm\prims\unsafe.cpp, line 634]
Event: 7.702 Thread 0x000000001c916000 Exception <a 'java/lang/OutOfMemoryError'> (0x0000000782c7e2f8) thrown at [C:\re\workspace\8-2-build-windows-amd64-cygwin\jdk8u171\10807\hotspot\src\share\vm\prims\jni.cpp, line 709]

Events (10 events):
Event: 4.876 Executing VM operation: ParallelGCFailedAllocation done
Event: 5.259 Thread 0x000000001c90d000 Uncommon trap: trap_request=0xffffff65 fr.pc=0x0000000003a31b58
Event: 5.259 Thread 0x000000001c90d000 DEOPT PACKING pc=0x0000000003a31b58 sp=0x000000001d0aef30
Event: 5.259 Thread 0x000000001c90d000 DEOPT UNPACKING pc=0x000000000372583b sp=0x000000001d0aeee0 mode 2
Event: 5.279 Thread 0x000000001c915000 Uncommon trap: trap_request=0xffffff65 fr.pc=0x0000000003a31b58
Event: 5.279 Thread 0x000000001c915000 DEOPT PACKING pc=0x0000000003a31b58 sp=0x000000001d1af2f0
Event: 5.280 Thread 0x000000001c915000 DEOPT UNPACKING pc=0x000000000372583b sp=0x000000001d1af2a0 mode 2
Event: 5.281 Thread 0x000000001c915800 Uncommon trap: trap_request=0xffffff65 fr.pc=0x0000000003a31b58
Event: 5.282 Thread 0x000000001c915800 DEOPT PACKING pc=0x0000000003a31b58 sp=0x000000001d2aedd0
Event: 5.282 Thread 0x000000001c915800 DEOPT UNPACKING pc=0x000000000372583b sp=0x000000001d2aed80 mode 2


Dynamic libraries:
0x00007ff63d0e0000 - 0x00007ff63d117000 	D:\Program Files\Java\jdk1.8.0_171\bin\java.exe
0x00007ffa41bb0000 - 0x00007ffa41d91000 	C:\WINDOWS\SYSTEM32\ntdll.dll
0x00007ffa3fab0000 - 0x00007ffa3fb62000 	C:\WINDOWS\System32\KERNEL32.DLL
0x00007ffa3ed40000 - 0x00007ffa3efb3000 	C:\WINDOWS\System32\KERNELBASE.dll
0x00007ffa3fa00000 - 0x00007ffa3faa1000 	C:\WINDOWS\System32\ADVAPI32.dll
0x00007ffa40480000 - 0x00007ffa4051e000 	C:\WINDOWS\System32\msvcrt.dll
0x00007ffa3f2c0000 - 0x00007ffa3f31b000 	C:\WINDOWS\System32\sechost.dll
0x00007ffa3f480000 - 0x00007ffa3f5a4000 	C:\WINDOWS\System32\RPCRT4.dll
0x00007ffa3f130000 - 0x00007ffa3f2c0000 	C:\WINDOWS\System32\USER32.dll
0x00007ffa3efc0000 - 0x00007ffa3efe0000 	C:\WINDOWS\System32\win32u.dll
0x00007ffa403e0000 - 0x00007ffa40408000 	C:\WINDOWS\System32\GDI32.dll
0x00007ffa3eb20000 - 0x00007ffa3ecb2000 	C:\WINDOWS\System32\gdi32full.dll
0x00007ffa3e9d0000 - 0x00007ffa3ea6f000 	C:\WINDOWS\System32\msvcp_win.dll
0x00007ffa3e1c0000 - 0x00007ffa3e2b8000 	C:\WINDOWS\System32\ucrtbase.dll
0x00007ffa2e990000 - 0x00007ffa2ebf9000 	C:\WINDOWS\WinSxS\amd64_microsoft.windows.common-controls_6595b64144ccf1df_6.0.17134.648_none_fb45a0e93062a6d2\COMCTL32.dll
0x00007ffa40030000 - 0x00007ffa40352000 	C:\WINDOWS\System32\combase.dll
0x00007ffa3ecc0000 - 0x00007ffa3ed3a000 	C:\WINDOWS\System32\bcryptPrimitives.dll
0x00007ffa3f320000 - 0x00007ffa3f34d000 	C:\WINDOWS\System32\IMM32.DLL
0x0000000062ba0000 - 0x0000000062c72000 	D:\Program Files\Java\jdk1.8.0_171\jre\bin\msvcr100.dll
0x00000000622a0000 - 0x0000000062b40000 	D:\Program Files\Java\jdk1.8.0_171\jre\bin\server\jvm.dll
0x00007ffa40530000 - 0x00007ffa40538000 	C:\WINDOWS\System32\PSAPI.DLL
0x00007ffa394a0000 - 0x00007ffa394a9000 	C:\WINDOWS\SYSTEM32\WSOCK32.dll
0x00007ffa3c0f0000 - 0x00007ffa3c113000 	C:\WINDOWS\SYSTEM32\WINMM.dll
0x00007ffa3fe40000 - 0x00007ffa3feac000 	C:\WINDOWS\System32\WS2_32.dll
0x00007ffa3c0c0000 - 0x00007ffa3c0ea000 	C:\WINDOWS\SYSTEM32\winmmbase.dll
0x00007ffa3df80000 - 0x00007ffa3dfc9000 	C:\WINDOWS\System32\cfgmgr32.dll
0x00007ffa34c90000 - 0x00007ffa34c9a000 	C:\WINDOWS\SYSTEM32\VERSION.dll
0x0000000062b90000 - 0x0000000062b9f000 	D:\Program Files\Java\jdk1.8.0_171\jre\bin\verify.dll
0x0000000062b60000 - 0x0000000062b89000 	D:\Program Files\Java\jdk1.8.0_171\jre\bin\java.dll
0x0000000062250000 - 0x0000000062273000 	D:\Program Files\Java\jdk1.8.0_171\jre\bin\instrument.dll
0x0000000062280000 - 0x0000000062296000 	D:\Program Files\Java\jdk1.8.0_171\jre\bin\zip.dll
0x00007ffa405e0000 - 0x00007ffa41a20000 	C:\WINDOWS\System32\SHELL32.dll
0x00007ffa3f350000 - 0x00007ffa3f3f9000 	C:\WINDOWS\System32\shcore.dll
0x00007ffa3e2c0000 - 0x00007ffa3e9cd000 	C:\WINDOWS\System32\windows.storage.dll
0x00007ffa40410000 - 0x00007ffa40461000 	C:\WINDOWS\System32\shlwapi.dll
0x00007ffa3df40000 - 0x00007ffa3df51000 	C:\WINDOWS\System32\kernel.appcore.dll
0x00007ffa3df20000 - 0x00007ffa3df3f000 	C:\WINDOWS\System32\profapi.dll
0x00007ffa3ded0000 - 0x00007ffa3df1c000 	C:\WINDOWS\System32\powrprof.dll
0x00007ffa3dec0000 - 0x00007ffa3deca000 	C:\WINDOWS\System32\FLTLIB.DLL
0x00007ffa391b0000 - 0x00007ffa391ca000 	D:\Program Files\JetBrains\IntelliJ IDEA 2017.3.1\bin\breakgen64.dll
0x0000000062230000 - 0x000000006224a000 	D:\Program Files\Java\jdk1.8.0_171\jre\bin\net.dll
0x00007ffa3d700000 - 0x00007ffa3d766000 	C:\WINDOWS\system32\mswsock.dll
0x0000000062210000 - 0x0000000062221000 	D:\Program Files\Java\jdk1.8.0_171\jre\bin\nio.dll
0x00007ffa3d8b0000 - 0x00007ffa3d8c7000 	C:\WINDOWS\SYSTEM32\CRYPTSP.dll
0x00007ffa3d2e0000 - 0x00007ffa3d313000 	C:\WINDOWS\system32\rsaenh.dll
0x00007ffa3d9e0000 - 0x00007ffa3da05000 	C:\WINDOWS\SYSTEM32\bcrypt.dll
0x00007ffa3ddf0000 - 0x00007ffa3de18000 	C:\WINDOWS\SYSTEM32\USERENV.dll
0x00007ffa3d8d0000 - 0x00007ffa3d8db000 	C:\WINDOWS\SYSTEM32\CRYPTBASE.dll
0x00007ffa3d480000 - 0x00007ffa3d4b8000 	C:\WINDOWS\SYSTEM32\IPHLPAPI.DLL
0x00007ffa40470000 - 0x00007ffa40478000 	C:\WINDOWS\System32\NSI.dll
0x00007ffa36a50000 - 0x00007ffa36a66000 	C:\WINDOWS\SYSTEM32\dhcpcsvc6.DLL
0x00007ffa369e0000 - 0x00007ffa369fa000 	C:\WINDOWS\SYSTEM32\dhcpcsvc.DLL
0x0000000062120000 - 0x000000006212d000 	D:\Program Files\Java\jdk1.8.0_171\jre\bin\management.dll
0x00007ffa1dc90000 - 0x00007ffa1dca6000 	C:\WINDOWS\system32\napinsp.dll
0x00007ffa1dc70000 - 0x00007ffa1dc8a000 	C:\WINDOWS\system32\pnrpnsp.dll
0x00007ffa3a940000 - 0x00007ffa3a959000 	C:\WINDOWS\system32\NLAapi.dll
0x00007ffa3d4c0000 - 0x00007ffa3d57e000 	C:\WINDOWS\SYSTEM32\DNSAPI.dll
0x00007ffa1e7b0000 - 0x00007ffa1e7be000 	C:\WINDOWS\System32\winrnr.dll
0x00007ffa38510000 - 0x00007ffa38525000 	C:\WINDOWS\System32\wshbth.dll
0x00007ffa346f0000 - 0x00007ffa346fa000 	C:\Windows\System32\rasadhlp.dll
0x00007ffa34970000 - 0x00007ffa349e2000 	C:\WINDOWS\System32\fwpuclnt.dll

VM Arguments:
jvm_args: -javaagent:D:\Program Files\JetBrains\IntelliJ IDEA 2017.3.1\lib\idea_rt.jar=13675:D:\Program Files\JetBrains\IntelliJ IDEA 2017.3.1\bin -Dfile.encoding=UTF-8 
java_command: com.gaven.exercise.netty.v1.NettyServer
java_class_path (initial): D:\Program Files\Java\jdk1.8.0_171\jre\lib\charsets.jar;D:\Program Files\Java\jdk1.8.0_171\jre\lib\deploy.jar;D:\Program Files\Java\jdk1.8.0_171\jre\lib\ext\access-bridge-64.jar;D:\Program Files\Java\jdk1.8.0_171\jre\lib\ext\cldrdata.jar;D:\Program Files\Java\jdk1.8.0_171\jre\lib\ext\dnsns.jar;D:\Program Files\Java\jdk1.8.0_171\jre\lib\ext\jaccess.jar;D:\Program Files\Java\jdk1.8.0_171\jre\lib\ext\jfxrt.jar;D:\Program Files\Java\jdk1.8.0_171\jre\lib\ext\localedata.jar;D:\Program Files\Java\jdk1.8.0_171\jre\lib\ext\nashorn.jar;D:\Program Files\Java\jdk1.8.0_171\jre\lib\ext\sunec.jar;D:\Program Files\Java\jdk1.8.0_171\jre\lib\ext\sunjce_provider.jar;D:\Program Files\Java\jdk1.8.0_171\jre\lib\ext\sunmscapi.jar;D:\Program Files\Java\jdk1.8.0_171\jre\lib\ext\sunpkcs11.jar;D:\Program Files\Java\jdk1.8.0_171\jre\lib\ext\zipfs.jar;D:\Program Files\Java\jdk1.8.0_171\jre\lib\javaws.jar;D:\Program Files\Java\jdk1.8.0_171\jre\lib\jce.jar;D:\Program Files\Java\jdk1.8.0_171\jre\lib\jfr.jar;D:\Program Files\Java\jdk1.8.0_171\jre\lib\jfxswt.jar;D:\Program Files\Java\jdk1.8.0_171\jre\lib\jsse.jar;D:\Program Files\Java\jdk1.8.0_171\jre\lib\management-agent.jar;D:\Program Files\Java\jdk1.8.0_171\jre\lib\plugin.jar;D:\Program Files\Java\jdk1.8.0_171\jre\lib\resources.jar;D:\Program Files\Java\jdk1.8.0_171\jre\lib\rt.jar;E:\GIT_Project\nettystudy\target\classes;E:\maven_new_repository\io\netty\netty-all\4.1.22.Final\netty-all-4.1.22.Final.jar;E:\maven_new_repository\org\projectlombok\lombok\1.16.20\lombok-1.16.20.jar;E:\maven_new_repository\org\slf4j\slf4j-api\1.7.5\slf4j-api-1.7.5.jar;E:\maven_new_repository\org\json\json\20180813\json-20180813.jar;D:\Program Files\JetBrains\IntelliJ IDEA 2017.3.1\lib\idea_rt.jar
Launcher Type: SUN_STANDARD

Environment Variables:
JAVA_HOME=D:\Program Files\Java\jdk1.8.0_171
CLASSPATH=.;D:\Program Files\Java\jdk1.8.0_171lib;D:\Program Files\Java\jdk1.8.0_171lib\tools.jar;
PATH=D:\Program Files (x86)\NetSarang\Xftp 6\;C:\Program Files (x86)\Common Files\Oracle\Java\javapath;C:\Program Files (x86)\Intel\iCLS Client\;C:\Program Files\Intel\iCLS Client\;C:\Windows\system32;C:\Windows;C:\Windows\System32\Wbem;C:\Windows\System32\WindowsPowerShell\v1.0\;C:\Program Files (x86)\NVIDIA Corporation\PhysX\Common;C:\Program Files (x86)\Intel\Intel(R) Management Engine Components\DAL;C:\Program Files\Intel\Intel(R) Management Engine Components\DAL;C:\Program Files (x86)\Intel\Intel(R) Management Engine Components\IPT;C:\Program Files\Intel\Intel(R) Management Engine Components\IPT;C:\WINDOWS\system32;C:\WINDOWS;C:\WINDOWS\System32\Wbem;C:\WINDOWS\System32\WindowsPowerShell\v1.0\;D:\Program Files\Java\jdk1.8.0_171\bin;D:\Program Files\Java\jdk1.8.0_171\jre\bin;D:\Program Files (x86)\MySQL\MySQL Server 5.0\bin;D:\Program Files\TortoiseSVN\bin;D:\Tool\node-v8.9.3-win-x64;D:\Tool\node-v8.9.3-win-x64\node_modules\npm;D:\Tool\apache-maven-3.2.3\bin;C:\WINDOWS\System32\OpenSSH\;D:\安装包\java\查看class工具\jad158g.win;C:\Users\ASUS\AppData\Local\Microsoft\WindowsApps;
USERNAME=ASUS
OS=Windows_NT
PROCESSOR_IDENTIFIER=Intel64 Family 6 Model 158 Stepping 9, GenuineIntel



---------------  S Y S T E M  ---------------

OS: Windows 10.0 , 64 bit Build 17134 (10.0.17134.648)

CPU:total 4 (initial active 4) (4 cores per cpu, 1 threads per core) family 6 model 158 stepping 9, cmov, cx8, fxsr, mmx, sse, sse2, sse3, ssse3, sse4.1, sse4.2, popcnt, avx, avx2, aes, clmul, erms, 3dnowpref, lzcnt, tsc, tscinvbit, bmi1, bmi2, adx

Memory: 4k page, physical 12465296k(4753276k free), swap 43567940k(4120k free)

vm_info: Java HotSpot(TM) 64-Bit Server VM (25.171-b11) for windows-amd64 JRE (1.8.0_171-b11), built on Mar 28 2018 16:06:12 by "java_re" with MS VC++ 10.0 (VS2010)

time: Sun Apr 14 03:20:00 2019
elapsed time: 7 seconds (0d 0h 0m 7s)

